<?xml version="1.0" encoding="UTF-8"?>
<beans xmlns="http://www.springframework.org/schema/beans"
	xmlns:xsi="http://www.w3.org/2001/XMLSchema-instance"
	xmlns:context="http://www.springframework.org/schema/context"
	xsi:schemaLocation="http://www.springframework.org/schema/beans 
                    http://www.springframework.org/schema/beans/spring-beans-2.5.xsd
                    http://www.springframework.org/schema/context
                    http://www.springframework.org/schema/context/spring-context-2.5.xsd
                    ">
	
	
	
	
	<!-- 添加资源实例拦截器 -->
	<bean id="addInterceptor" class="com.mainsteam.stm.instancelib.dao.interceptor.InstancelibInterceptorAddImpl"
		init-method="start">
		<property name="instancelibEventManager" ref="instancelibEventManager"></property>
	</bean>
	<bean id="addListener" class="com.mainsteam.stm.instancelib.dao.interceptor.InstancelibListenerAddImpl"
		init-method="start">
		<property name="instancelibEventManager" ref="instancelibEventManager"></property>
	</bean>

	<bean id="deleteInterceptor" class="com.mainsteam.stm.instancelib.dao.interceptor.InstancelibInterceptorDeleteImpl"
		init-method="start">
		<property name="instancelibEventManager" ref="instancelibEventManager"></property>
	</bean>
	
	<bean id="deleteListener" class="com.mainsteam.stm.instancelib.dao.interceptor.InstancelibListenerDeleteImpl"
		init-method="start">
		<property name="instancelibEventManager" ref="instancelibEventManager"></property>
	</bean>
	
	<bean id="updateStateInterceptor" class="com.mainsteam.stm.instancelib.dao.interceptor.InstancelibInterceptorUpdateStateImpl"
		init-method="start">
		<property name="instancelibEventManager" ref="instancelibEventManager"></property>
	</bean>
	<bean id="updateStateListener" class="com.mainsteam.stm.instancelib.dao.interceptor.InstancelibListenerUpdateStateImpl"
		init-method="start">
		<property name="instancelibEventManager" ref="instancelibEventManager"></property>
	</bean>
</beans>
