<?xml version="1.0" encoding="UTF-8"?>
<beans xmlns="http://www.springframework.org/schema/beans"
	xmlns:xsi="http://www.w3.org/2001/XMLSchema-instance"
	xmlns:context="http://www.springframework.org/schema/context"
	xsi:schemaLocation="http://www.springframework.org/schema/beans 
                    http://www.springframework.org/schema/beans/spring-beans-2.5.xsd
                    http://www.springframework.org/schema/context
                    http://www.springframework.org/schema/context/spring-context-2.5.xsd
                    ">
	<!-- 添加资源实例拦截器 -->
	
	<bean id="metricAlarm" class="com.mainsteam.stm.profilelib.TestProfileMerticAlarmChange">
	</bean>
	<bean id="metricMonitor" class="com.mainsteam.stm.profilelib.TestProfileMerticMonitorChange">
	</bean>
	
</beans>
